This is pdfTeX, Version 3.1415926-2.5-1.40.14 (TeX Live 2013/Debian) (format=pdflatex 2014.5.26)  9 JUL 2014 09:34
entering extended mode
 restricted \write18 enabled.
 %&-line parsing enabled.
**main
(./main.tex
LaTeX2e <2011/06/27>
Babel <3.9h> and hyphenation patterns for 78 languages loaded.
(/usr/share/texlive/texmf-dist/tex/latex/base/article.cls
Document Class: article 2007/10/19 v1.4h Standard LaTeX document class
(/usr/share/texlive/texmf-dist/tex/latex/base/size11.clo
File: size11.clo 2007/10/19 v1.4h Standard LaTeX file (size option)
)
\c@part=\count79
\c@section=\count80
\c@subsection=\count81
\c@subsubsection=\count82
\c@paragraph=\count83
\c@subparagraph=\count84
\c@figure=\count85
\c@table=\count86
\abovecaptionskip=\skip41
\belowcaptionskip=\skip42
\bibindent=\dimen102
)
(/usr/share/texlive/texmf-dist/tex/latex/geometry/geometry.sty
Package: geometry 2010/09/12 v5.6 Page Geometry

(/usr/share/texlive/texmf-dist/tex/latex/graphics/keyval.sty
Package: keyval 1999/03/16 v1.13 key=value parser (DPC)
\KV@toks@=\toks14
)
(/usr/share/texlive/texmf-dist/tex/generic/oberdiek/ifpdf.sty
Package: ifpdf 2011/01/30 v2.3 Provides the ifpdf switch (HO)
Package ifpdf Info: pdfTeX in PDF mode is detected.
)
(/usr/share/texlive/texmf-dist/tex/generic/oberdiek/ifvtex.sty
Package: ifvtex 2010/03/01 v1.5 Detect VTeX and its facilities (HO)
Package ifvtex Info: VTeX not detected.
)
(/usr/share/texlive/texmf-dist/tex/generic/ifxetex/ifxetex.sty
Package: ifxetex 2010/09/12 v0.6 Provides ifxetex conditional
)
\Gm@cnth=\count87
\Gm@cntv=\count88
\c@Gm@tempcnt=\count89
\Gm@bindingoffset=\dimen103
\Gm@wd@mp=\dimen104
\Gm@odd@mp=\dimen105
\Gm@even@mp=\dimen106
\Gm@layoutwidth=\dimen107
\Gm@layoutheight=\dimen108
\Gm@layouthoffset=\dimen109
\Gm@layoutvoffset=\dimen110
\Gm@dimlist=\toks15
)
(/usr/share/texlive/texmf-dist/tex/latex/comment/comment.sty
\CommentStream=\write3

Excluding comment 'comment')
(/usr/share/texlive/texmf-dist/tex/generic/babel/babel.sty
Package: babel 2013/12/03 3.9h The Babel package

(/usr/share/texlive/texmf-dist/tex/generic/babel-english/english.ldf
Language: english 2012/08/20 v3.3p English support from the babel system

(/usr/share/texlive/texmf-dist/tex/generic/babel/babel.def
File: babel.def 2013/12/03 3.9h Babel common definitions
\babel@savecnt=\count90
\U@D=\dimen111
)
\l@canadian = a dialect from \language\l@american 
\l@australian = a dialect from \language\l@british 
\l@newzealand = a dialect from \language\l@british 
))
(/usr/share/texlive/texmf-dist/tex/latex/graphics/graphicx.sty
Package: graphicx 1999/02/16 v1.0f Enhanced LaTeX Graphics (DPC,SPQR)

(/usr/share/texlive/texmf-dist/tex/latex/graphics/graphics.sty
Package: graphics 2009/02/05 v1.0o Standard LaTeX Graphics (DPC,SPQR)

(/usr/share/texlive/texmf-dist/tex/latex/graphics/trig.sty
Package: trig 1999/03/16 v1.09 sin cos tan (DPC)
)
(/usr/share/texlive/texmf-dist/tex/latex/latexconfig/graphics.cfg
File: graphics.cfg 2010/04/23 v1.9 graphics configuration of TeX Live
)
Package graphics Info: Driver file: pdftex.def on input line 91.

(/usr/share/texlive/texmf-dist/tex/latex/pdftex-def/pdftex.def
File: pdftex.def 2011/05/27 v0.06d Graphics/color for pdfTeX

(/usr/share/texlive/texmf-dist/tex/generic/oberdiek/infwarerr.sty
Package: infwarerr 2010/04/08 v1.3 Providing info/warning/error messages (HO)
)
(/usr/share/texlive/texmf-dist/tex/generic/oberdiek/ltxcmds.sty
Package: ltxcmds 2011/11/09 v1.22 LaTeX kernel commands for general use (HO)
)
\Gread@gobject=\count91
))
\Gin@req@height=\dimen112
\Gin@req@width=\dimen113
)
(/usr/share/texlive/texmf-dist/tex/latex/natbib/natbib.sty
Package: natbib 2010/09/13 8.31b (PWD, AO)
\bibhang=\skip43
\bibsep=\skip44
LaTeX Info: Redefining \cite on input line 694.
\c@NAT@ctr=\count92
)
(/usr/share/texlive/texmf-dist/tex/latex/amsfonts/amssymb.sty
Package: amssymb 2013/01/14 v3.01 AMS font symbols

(/usr/share/texlive/texmf-dist/tex/latex/amsfonts/amsfonts.sty
Package: amsfonts 2013/01/14 v3.01 Basic AMSFonts support
\@emptytoks=\toks16
\symAMSa=\mathgroup4
\symAMSb=\mathgroup5
LaTeX Font Info:    Overwriting math alphabet `\mathfrak' in version `bold'
(Font)                  U/euf/m/n --> U/euf/b/n on input line 106.
))
(/usr/share/texlive/texmf-dist/tex/latex/subfigure/subfigure.sty
Package: subfigure 2002/03/15 v2.1.5 subfigure package
\subfigtopskip=\skip45
\subfigcapskip=\skip46
\subfigcaptopadj=\dimen114
\subfigbottomskip=\skip47
\subfigcapmargin=\dimen115
\subfiglabelskip=\skip48
\c@subfigure=\count93
\c@lofdepth=\count94
\c@subtable=\count95
\c@lotdepth=\count96

****************************************
* Local config file subfigure.cfg used *
****************************************
(/usr/share/texlive/texmf-dist/tex/latex/subfigure/subfigure.cfg)
\subfig@top=\skip49
\subfig@bottom=\skip50
)
(/usr/share/texlive/texmf-dist/tex/latex/float/float.sty
Package: float 2001/11/08 v1.3d Float enhancements (AL)
\c@float@type=\count97
\float@exts=\toks17
\float@box=\box26
\@float@everytoks=\toks18
\@floatcapt=\box27
)
(/usr/share/texlive/texmf-dist/tex/latex/tools/tabularx.sty
Package: tabularx 1999/01/07 v2.07 `tabularx' package (DPC)

(/usr/share/texlive/texmf-dist/tex/latex/tools/array.sty
Package: array 2008/09/09 v2.4c Tabular extension package (FMi)
\col@sep=\dimen116
\extrarowheight=\dimen117
\NC@list=\toks19
\extratabsurround=\skip51
\backup@length=\skip52
)
\TX@col@width=\dimen118
\TX@old@table=\dimen119
\TX@old@col=\dimen120
\TX@target=\dimen121
\TX@delta=\dimen122
\TX@cols=\count98
\TX@ftn=\toks20
)
(/usr/share/texlive/texmf-dist/tex/latex/multirow/multirow.sty
\bigstrutjot=\dimen123
)
(/usr/share/texlive/texmf-dist/tex/latex/lineno/lineno.sty
Package: lineno 2005/11/02 line numbers on paragraphs v4.41
\linenopenalty=\count99
\output=\toks21
\linenoprevgraf=\count100
\linenumbersep=\dimen124
\linenumberwidth=\dimen125
\c@linenumber=\count101
\c@pagewiselinenumber=\count102
\c@LN@truepage=\count103
\c@internallinenumber=\count104
\c@internallinenumbers=\count105
\quotelinenumbersep=\dimen126
\bframerule=\dimen127
\bframesep=\dimen128
\bframebox=\box28
LaTeX Info: Redefining \\ on input line 3056.
)
(/usr/share/texlive/texmf-dist/tex/latex/graphics/color.sty
Package: color 2005/11/14 v1.0j Standard LaTeX Color (DPC)

(/usr/share/texlive/texmf-dist/tex/latex/latexconfig/color.cfg
File: color.cfg 2007/01/18 v1.5 color configuration of teTeX/TeXLive
)
Package color Info: Driver file: pdftex.def on input line 130.
)
(/usr/share/texlive/texmf-dist/tex/latex/colortbl/colortbl.sty
Package: colortbl 2012/02/13 v1.0a Color table columns (DPC)
\everycr=\toks22
\minrowclearance=\skip53
)
(/usr/share/texlive/texmf-dist/tex/latex/amsmath/amsmath.sty
Package: amsmath 2013/01/14 v2.14 AMS math features
\@mathmargin=\skip54

For additional information on amsmath, use the `?' option.
(/usr/share/texlive/texmf-dist/tex/latex/amsmath/amstext.sty
Package: amstext 2000/06/29 v2.01

(/usr/share/texlive/texmf-dist/tex/latex/amsmath/amsgen.sty
File: amsgen.sty 1999/11/30 v2.0
\@emptytoks=\toks23
\ex@=\dimen129
))
(/usr/share/texlive/texmf-dist/tex/latex/amsmath/amsbsy.sty
Package: amsbsy 1999/11/29 v1.2d
\pmbraise@=\dimen130
)
(/usr/share/texlive/texmf-dist/tex/latex/amsmath/amsopn.sty
Package: amsopn 1999/12/14 v2.01 operator names
)
\inf@bad=\count106
LaTeX Info: Redefining \frac on input line 210.
\uproot@=\count107
\leftroot@=\count108
LaTeX Info: Redefining \overline on input line 306.
\classnum@=\count109
\DOTSCASE@=\count110
LaTeX Info: Redefining \ldots on input line 378.
LaTeX Info: Redefining \dots on input line 381.
LaTeX Info: Redefining \cdots on input line 466.
\Mathstrutbox@=\box29
\strutbox@=\box30
\big@size=\dimen131
LaTeX Font Info:    Redeclaring font encoding OML on input line 566.
LaTeX Font Info:    Redeclaring font encoding OMS on input line 567.
\macc@depth=\count111
\c@MaxMatrixCols=\count112
\dotsspace@=\muskip10
\c@parentequation=\count113
\dspbrk@lvl=\count114
\tag@help=\toks24
\row@=\count115
\column@=\count116
\maxfields@=\count117
\andhelp@=\toks25
\eqnshift@=\dimen132
\alignsep@=\dimen133
\tagshift@=\dimen134
\tagwidth@=\dimen135
\totwidth@=\dimen136
\lineht@=\dimen137
\@envbody=\toks26
\multlinegap=\skip55
\multlinetaggap=\skip56
\mathdisplay@stack=\toks27
LaTeX Info: Redefining \[ on input line 2665.
LaTeX Info: Redefining \] on input line 2666.
)
(/usr/share/texlive/texmf-dist/tex/latex/url/url.sty
\Urlmuskip=\muskip11
Package: url 2013/09/16  ver 3.4  Verb mode for urls, etc.
)
(/usr/share/texlive/texmf-dist/tex/latex/booktabs/booktabs.sty
Package: booktabs 2005/04/14 v1.61803 publication quality tables
\heavyrulewidth=\dimen138
\lightrulewidth=\dimen139
\cmidrulewidth=\dimen140
\belowrulesep=\dimen141
\belowbottomsep=\dimen142
\aboverulesep=\dimen143
\abovetopsep=\dimen144
\cmidrulesep=\dimen145
\cmidrulekern=\dimen146
\defaultaddspace=\dimen147
\@cmidla=\count118
\@cmidlb=\count119
\@aboverulesep=\dimen148
\@belowrulesep=\dimen149
\@thisruleclass=\count120
\@lastruleclass=\count121
\@thisrulewidth=\dimen150
) (./main.aux)
\openout1 = `main.aux'.

LaTeX Font Info:    Checking defaults for OML/cmm/m/it on input line 64.
LaTeX Font Info:    ... okay on input line 64.
LaTeX Font Info:    Checking defaults for T1/cmr/m/n on input line 64.
LaTeX Font Info:    ... okay on input line 64.
LaTeX Font Info:    Checking defaults for OT1/cmr/m/n on input line 64.
LaTeX Font Info:    ... okay on input line 64.
LaTeX Font Info:    Checking defaults for OMS/cmsy/m/n on input line 64.
LaTeX Font Info:    ... okay on input line 64.
LaTeX Font Info:    Checking defaults for OMX/cmex/m/n on input line 64.
LaTeX Font Info:    ... okay on input line 64.
LaTeX Font Info:    Checking defaults for U/cmr/m/n on input line 64.
LaTeX Font Info:    ... okay on input line 64.

*geometry* driver: auto-detecting
*geometry* detected driver: pdftex
*geometry* verbose mode - [ preamble ] result:
* driver: pdftex
* paper: <default>
* layout: <same size as paper>
* layoutoffset:(h,v)=(0.0pt,0.0pt)
* modes: 
* h-part:(L,W,R)=(56.9055pt, 500.484pt, 56.9055pt)
* v-part:(T,H,B)=(56.9055pt, 681.15898pt, 56.9055pt)
* \paperwidth=614.295pt
* \paperheight=794.96999pt
* \textwidth=500.484pt
* \textheight=681.15898pt
* \oddsidemargin=-15.36449pt
* \evensidemargin=-15.36449pt
* \topmargin=-52.36449pt
* \headheight=12.0pt
* \headsep=25.0pt
* \topskip=11.0pt
* \footskip=30.0pt
* \marginparwidth=59.0pt
* \marginparsep=10.0pt
* \columnsep=10.0pt
* \skip\footins=10.0pt plus 4.0pt minus 2.0pt
* \hoffset=0.0pt
* \voffset=0.0pt
* \mag=1000
* \@twocolumnfalse
* \@twosidefalse
* \@mparswitchfalse
* \@reversemarginfalse
* (1in=72.27pt=25.4mm, 1cm=28.453pt)

(/usr/share/texlive/texmf-dist/tex/context/base/supp-pdf.mkii
[Loading MPS to PDF converter (version 2006.09.02).]
\scratchcounter=\count122
\scratchdimen=\dimen151
\scratchbox=\box31
\nofMPsegments=\count123
\nofMParguments=\count124
\everyMPshowfont=\toks28
\MPscratchCnt=\count125
\MPscratchDim=\dimen152
\MPnumerator=\count126
\makeMPintoPDFobject=\count127
\everyMPtoPDFconversion=\toks29
) (/usr/share/texlive/texmf-dist/tex/generic/oberdiek/pdftexcmds.sty
Package: pdftexcmds 2011/11/29 v0.20 Utility functions of pdfTeX for LuaTeX (HO
)

(/usr/share/texlive/texmf-dist/tex/generic/oberdiek/ifluatex.sty
Package: ifluatex 2010/03/01 v1.3 Provides the ifluatex switch (HO)
Package ifluatex Info: LuaTeX not detected.
)
Package pdftexcmds Info: LuaTeX not detected.
Package pdftexcmds Info: \pdf@primitive is available.
Package pdftexcmds Info: \pdf@ifprimitive is available.
Package pdftexcmds Info: \pdfdraftmode found.
)
(/usr/share/texlive/texmf-dist/tex/latex/oberdiek/epstopdf-base.sty
Package: epstopdf-base 2010/02/09 v2.5 Base part for package epstopdf

(/usr/share/texlive/texmf-dist/tex/latex/oberdiek/grfext.sty
Package: grfext 2010/08/19 v1.1 Manage graphics extensions (HO)

(/usr/share/texlive/texmf-dist/tex/generic/oberdiek/kvdefinekeys.sty
Package: kvdefinekeys 2011/04/07 v1.3 Define keys (HO)
))
(/usr/share/texlive/texmf-dist/tex/latex/oberdiek/kvoptions.sty
Package: kvoptions 2011/06/30 v3.11 Key value format for package options (HO)

(/usr/share/texlive/texmf-dist/tex/generic/oberdiek/kvsetkeys.sty
Package: kvsetkeys 2012/04/25 v1.16 Key value parser (HO)

(/usr/share/texlive/texmf-dist/tex/generic/oberdiek/etexcmds.sty
Package: etexcmds 2011/02/16 v1.5 Avoid name clashes with e-TeX commands (HO)
Package etexcmds Info: Could not find \expanded.
(etexcmds)             That can mean that you are not using pdfTeX 1.50 or
(etexcmds)             that some package has redefined \expanded.
(etexcmds)             In the latter case, load this package earlier.
)))
Package grfext Info: Graphics extension search list:
(grfext)             [.png,.pdf,.jpg,.mps,.jpeg,.jbig2,.jb2,.PNG,.PDF,.JPG,.JPE
G,.JBIG2,.JB2,.eps]
(grfext)             \AppendGraphicsExtensions on input line 452.

(/usr/share/texlive/texmf-dist/tex/latex/latexconfig/epstopdf-sys.cfg
File: epstopdf-sys.cfg 2010/07/13 v1.3 Configuration of (r)epstopdf for TeX Liv
e
))
LaTeX Font Info:    Try loading font information for U+msa on input line 81.

(/usr/share/texlive/texmf-dist/tex/latex/amsfonts/umsa.fd
File: umsa.fd 2013/01/14 v3.01 AMS symbols A
)
LaTeX Font Info:    Try loading font information for U+msb on input line 81.

(/usr/share/texlive/texmf-dist/tex/latex/amsfonts/umsb.fd
File: umsb.fd 2013/01/14 v3.01 AMS symbols B
)
Underfull \hbox (badness 10000) in paragraph at lines 98--99

 []

[1

{/var/lib/texmf/fonts/map/pdftex/updmap/pdftex.map}]
Underfull \hbox (badness 10000) in paragraph at lines 100--102

 []

[2] [3] [4] [5]

pdfTeX warning: /usr/bin/pdflatex (file ./Fig1.pdf): PDF inclusion: found PDF v
ersion <1.6>, but at most version <1.5> allowed
<Fig1.pdf, id=29, 597.42252pt x 844.96152pt>
File: Fig1.pdf Graphic file (type pdf)
 <use Fig1.pdf>
Package pdftex.def Info: Fig1.pdf used on input line 131.
(pdftex.def)             Requested size: 250.24199pt x 353.92734pt.
 [6] [7 <./Fig1.pdf>] [8] [9] [10] [11] [12] [13] [14] [15] [16] [17]
Underfull \hbox (badness 10000) in paragraph at lines 309--310

 []

[18] <./Site_5.pdf, id=136, 505.89pt x 505.89pt>
File: ./Site_5.pdf Graphic file (type pdf)
 <use ./Site_5.pdf>
Package pdftex.def Info: ./Site_5.pdf used on input line 330.
(pdftex.def)             Requested size: 235.22807pt x 235.22868pt.

<./Site_64.pdf, id=137, 505.89pt x 505.89pt>
File: ./Site_64.pdf Graphic file (type pdf)
 <use ./Site_64.pdf>
Package pdftex.def Info: ./Site_64.pdf used on input line 331.
(pdftex.def)             Requested size: 235.22807pt x 235.22868pt.
 [19] [20 <./Site_5.pdf> <./Site_64.pdf>] [21

]
<./Station_method1_station14.pdf, id=167, 505.89pt x 505.89pt>
File: ./Station_method1_station14.pdf Graphic file (type pdf)

<use ./Station_method1_station14.pdf>
Package pdftex.def Info: ./Station_method1_station14.pdf used on input line 346
.
(pdftex.def)             Requested size: 160.15854pt x 160.15898pt.

<./Station_method1_station3.pdf, id=168, 505.89pt x 505.89pt>
File: ./Station_method1_station3.pdf Graphic file (type pdf)

<use ./Station_method1_station3.pdf>
Package pdftex.def Info: ./Station_method1_station3.pdf used on input line 347.

(pdftex.def)             Requested size: 160.15854pt x 160.15898pt.

<./Station_method1_station49.pdf, id=169, 505.89pt x 505.89pt>
File: ./Station_method1_station49.pdf Graphic file (type pdf)

<use ./Station_method1_station49.pdf>
Package pdftex.def Info: ./Station_method1_station49.pdf used on input line 348
.
(pdftex.def)             Requested size: 160.15854pt x 160.15898pt.

<./Station_method2_station14.pdf, id=170, 505.89pt x 505.89pt>
File: ./Station_method2_station14.pdf Graphic file (type pdf)

<use ./Station_method2_station14.pdf>
Package pdftex.def Info: ./Station_method2_station14.pdf used on input line 349
.
(pdftex.def)             Requested size: 160.15854pt x 160.15898pt.

<./Station_method2_station3.pdf, id=171, 505.89pt x 505.89pt>
File: ./Station_method2_station3.pdf Graphic file (type pdf)

<use ./Station_method2_station3.pdf>
Package pdftex.def Info: ./Station_method2_station3.pdf used on input line 350.

(pdftex.def)             Requested size: 160.15854pt x 160.15898pt.

<./Station_method2_station49.pdf, id=172, 505.89pt x 505.89pt>
File: ./Station_method2_station49.pdf Graphic file (type pdf)

<use ./Station_method2_station49.pdf>
Package pdftex.def Info: ./Station_method2_station49.pdf used on input line 351
.
(pdftex.def)             Requested size: 160.15854pt x 160.15898pt.

<./Station_method3_station14.pdf, id=173, 505.89pt x 505.89pt>
File: ./Station_method3_station14.pdf Graphic file (type pdf)

<use ./Station_method3_station14.pdf>
Package pdftex.def Info: ./Station_method3_station14.pdf used on input line 352
.
(pdftex.def)             Requested size: 160.15854pt x 160.15898pt.

<./Station_method3_station3.pdf, id=174, 505.89pt x 505.89pt>
File: ./Station_method3_station3.pdf Graphic file (type pdf)

<use ./Station_method3_station3.pdf>
Package pdftex.def Info: ./Station_method3_station3.pdf used on input line 353.

(pdftex.def)             Requested size: 160.15854pt x 160.15898pt.

<./Station_method3_station49.pdf, id=175, 505.89pt x 505.89pt>
File: ./Station_method3_station49.pdf Graphic file (type pdf)

<use ./Station_method3_station49.pdf>
Package pdftex.def Info: ./Station_method3_station49.pdf used on input line 354
.
(pdftex.def)             Requested size: 160.15854pt x 160.15898pt.

<./Station_method4_station14.pdf, id=176, 505.89pt x 505.89pt>
File: ./Station_method4_station14.pdf Graphic file (type pdf)

<use ./Station_method4_station14.pdf>
Package pdftex.def Info: ./Station_method4_station14.pdf used on input line 355
.
(pdftex.def)             Requested size: 160.15854pt x 160.15898pt.

<./Station_method4_station3.pdf, id=177, 505.89pt x 505.89pt>
File: ./Station_method4_station3.pdf Graphic file (type pdf)

<use ./Station_method4_station3.pdf>
Package pdftex.def Info: ./Station_method4_station3.pdf used on input line 356.

(pdftex.def)             Requested size: 160.15854pt x 160.15898pt.

<./Station_method4_station49.pdf, id=178, 505.89pt x 505.89pt>
File: ./Station_method4_station49.pdf Graphic file (type pdf)

<use ./Station_method4_station49.pdf>
Package pdftex.def Info: ./Station_method4_station49.pdf used on input line 357
.
(pdftex.def)             Requested size: 160.15854pt x 160.15898pt.


LaTeX Warning: Float too large for page by 53.87697pt on input line 360.

<./full_run_convergence.pdf, id=179, 505.89pt x 505.89pt>
File: ./full_run_convergence.pdf Graphic file (type pdf)

<use ./full_run_convergence.pdf>
Package pdftex.def Info: ./full_run_convergence.pdf used on input line 368.
(pdftex.def)             Requested size: 225.21626pt x 225.21683pt.
 [22] [23 <./Station_method1_station14.pdf> <./Station_method1_station3.pdf> <.
/Station_method1_station49.pdf> <./Station_method2_station14.pdf> <./Station_me
thod2_station3.pdf> <./Station_method2_station49.pdf> <./Station_method3_statio
n14.pdf> <./Station_method3_station3.pdf> <./Station_method3_station49.pdf> <./
Station_method4_station14.pdf> <./Station_method4_station3.pdf> <./Station_meth
od4_station49.pdf>] [24 <./full_run_convergence.pdf>]
Overfull \hbox (13.13896pt too wide) in paragraph at lines 382--402
 [] 
 []

[25] [26]

pdfTeX warning: /usr/bin/pdflatex (file ./M20.pdf): PDF inclusion: found PDF ve
rsion <1.6>, but at most version <1.5> allowed
<M20.pdf, id=323, 845.4167pt x 596.96727pt>
File: M20.pdf Graphic file (type pdf)
 <use M20.pdf>
Package pdftex.def Info: M20.pdf used on input line 427.
(pdftex.def)             Requested size: 500.484pt x 353.40091pt.

<M20_scatterplot_rev.pdf, id=324, 504.88625pt x 504.88625pt>
File: M20_scatterplot_rev.pdf Graphic file (type pdf)

<use M20_scatterplot_rev.pdf>
Package pdftex.def Info: M20_scatterplot_rev.pdf used on input line 429.
(pdftex.def)             Requested size: 225.21626pt x 225.21678pt.


LaTeX Warning: Float too large for page by 70.7171pt on input line 434.

[27] [28 <./M20.pdf> <./M20_scatterplot_rev.pdf>]
<./madogram_emp_nu.pdf, id=391, 505.89pt x 505.89pt>
File: ./madogram_emp_nu.pdf Graphic file (type pdf)

<use ./madogram_emp_nu.pdf>
Package pdftex.def Info: ./madogram_emp_nu.pdf used on input line 442.
(pdftex.def)             Requested size: 235.22807pt x 235.22868pt.

<./madogram_mle_nu.pdf, id=392, 505.89pt x 505.89pt>
File: ./madogram_mle_nu.pdf Graphic file (type pdf)

<use ./madogram_mle_nu.pdf>
Package pdftex.def Info: ./madogram_mle_nu.pdf used on input line 443.
(pdftex.def)             Requested size: 235.22807pt x 235.22868pt.
 [29 <./madogram_emp_nu.pdf> <./madogram_mle_nu.pdf>] [30] (./main.bbl [31] [32
] [33] [34]) [35] [36] [37] [38] [39] [40]
<./prior_returns_insample.pdf, id=445, 505.89pt x 505.89pt>
File: ./prior_returns_insample.pdf Graphic file (type pdf)

<use ./prior_returns_insample.pdf>
Package pdftex.def Info: ./prior_returns_insample.pdf used on input line 644.
(pdftex.def)             Requested size: 240.23016pt x 240.23076pt.

<./prior_returns_outsample.pdf, id=446, 505.89pt x 505.89pt>
File: ./prior_returns_outsample.pdf Graphic file (type pdf)

<use ./prior_returns_outsample.pdf>
Package pdftex.def Info: ./prior_returns_outsample.pdf used on input line 645.
(pdftex.def)             Requested size: 240.23016pt x 240.23076pt.
 [41] [42] [43 <./prior_returns_insample.pdf> <./prior_returns_outsample.pdf>] 
[44] (./main.aux) ) 
Here is how much of TeX's memory you used:
 4680 strings out of 493304
 65071 string characters out of 6139871
 149848 words of memory out of 5000000
 8006 multiletter control sequences out of 15000+600000
 15588 words of font info for 57 fonts, out of 8000000 for 9000
 957 hyphenation exceptions out of 8191
 38i,14n,32p,1869b,319s stack positions out of 5000i,500n,10000p,200000b,80000s
</usr/share/texlive/texmf-dist/fonts/type1/public/amsfonts/c
m/cmbx10.pfb></usr/share/texlive/texmf-dist/fonts/type1/public/amsfonts/cm/cmbx
12.pfb></usr/share/texlive/texmf-dist/fonts/type1/public/amsfonts/cm/cmex10.pfb
></usr/share/texlive/texmf-dist/fonts/type1/public/amsfonts/cm/cmmi10.pfb></usr
/share/texlive/texmf-dist/fonts/type1/public/amsfonts/cm/cmmi6.pfb></usr/share/
texlive/texmf-dist/fonts/type1/public/amsfonts/cm/cmmi8.pfb></usr/share/texlive
/texmf-dist/fonts/type1/public/amsfonts/cm/cmmib10.pfb></usr/share/texlive/texm
f-dist/fonts/type1/public/amsfonts/cmextra/cmmib8.pfb></usr/share/texlive/texmf
-dist/fonts/type1/public/amsfonts/cm/cmr10.pfb></usr/share/texlive/texmf-dist/f
onts/type1/public/amsfonts/cm/cmr12.pfb></usr/share/texlive/texmf-dist/fonts/ty
pe1/public/amsfonts/cm/cmr17.pfb></usr/share/texlive/texmf-dist/fonts/type1/pub
lic/amsfonts/cm/cmr6.pfb></usr/share/texlive/texmf-dist/fonts/type1/public/amsf
onts/cm/cmr8.pfb></usr/share/texlive/texmf-dist/fonts/type1/public/amsfonts/cm/
cmr9.pfb></usr/share/texlive/texmf-dist/fonts/type1/public/amsfonts/cm/cmsl10.p
fb></usr/share/texlive/texmf-dist/fonts/type1/public/amsfonts/cm/cmss8.pfb></us
r/share/texlive/texmf-dist/fonts/type1/public/amsfonts/cm/cmsy10.pfb></usr/shar
e/texlive/texmf-dist/fonts/type1/public/amsfonts/cm/cmsy6.pfb></usr/share/texli
ve/texmf-dist/fonts/type1/public/amsfonts/cm/cmsy8.pfb></usr/share/texlive/texm
f-dist/fonts/type1/public/amsfonts/cm/cmti10.pfb></usr/share/texlive/texmf-dist
/fonts/type1/public/amsfonts/cm/cmtt10.pfb></usr/share/texlive/texmf-dist/fonts
/type1/public/amsfonts/symbols/msbm10.pfb>
Output written on main.pdf (44 pages, 1567262 bytes).
PDF statistics:
 548 PDF objects out of 1000 (max. 8388607)
 398 compressed objects within 4 object streams
 0 named destinations out of 1000 (max. 500000)
 111 words of extra memory for PDF output out of 10000 (max. 10000000)

